[2025-11-29 11:53:30,344] multiqc                                            [DEBUG  ]  This is MultiQC v1.18
[2025-11-29 11:53:30,345] multiqc                                            [DEBUG  ]  Command used: /usr/bin/multiqc fastqc_results -o multiqc_report
[2025-11-29 11:53:31,635] multiqc                                            [WARNING]  MultiQC Version v1.32 now available!
[2025-11-29 11:53:31,635] multiqc                                            [DEBUG  ]  Working dir : /home/vaishnavi/fastq
[2025-11-29 11:53:31,636] multiqc                                            [DEBUG  ]  Template    : default
[2025-11-29 11:53:31,636] multiqc                                            [DEBUG  ]  Running Python 3.12.3 (main, Aug 14 2025, 17:47:21) [GCC 13.3.0]
[2025-11-29 11:53:31,637] multiqc                                            [DEBUG  ]  Analysing modules: custom_content, ccs, ngsderive, purple, conpair, lima, peddy, somalier, methylQA, mosdepth, phantompeakqualtools, qualimap, preseq, hifiasm, quast, qorts, rna_seqc, rockhopper, rsem, rseqc, busco, bustools, goleft_indexcov, gffcompare, disambiguate, supernova, deeptools, sargasso, verifybamid, mirtrace, happy, mirtop, sambamba, gopeaks, homer, hops, macs2, theta2, snpeff, gatk, htseq, bcftools, featureCounts, fgbio, dragen, dragen_fastqc, dedup, pbmarkdup, damageprofiler, mapdamage, biobambam2, jcvi, mtnucratio, picard, vep, bakta, prokka, qc3C, nanostat, samblaster, samtools, sexdeterrmine, seqera_cli, eigenstratdatabasetools, bamtools, jellyfish, vcftools, longranger, stacks, varscan2, snippy, umitools, truvari, bbmap, bismark, biscuit, diamond, hicexplorer, hicup, hicpro, salmon, kallisto, slamdunk, star, hisat2, tophat, bowtie2, bowtie1, cellranger, snpsplit, odgi, pangolin, nextclade, freyja, humid, kat, leehom, librarian, adapterRemoval, bbduk, clipandmerge, cutadapt, flexbar, sourmash, kaiju, bracken, kraken, malt, motus, trimmomatic, sickle, skewer, sortmerna, biobloomtools, fastq_screen, afterqc, fastp, fastqc, filtlong, prinseqplusplus, pychopper, porechop, pycoqc, minionqc, anglerfish, multivcfanalyzer, clusterflow, checkqc, bcl2fastq, bclconvert, interop, ivar, flash, seqyclean, optitype, whatshap, xenome, xengsort
[2025-11-29 11:53:31,639] multiqc                                            [DEBUG  ]  Using temporary directory for creating report: /tmp/tmp79iinabb
[2025-11-29 11:53:31,644] multiqc                                            [INFO   ]  Search path : /home/vaishnavi/fastq/fastqc_results
[2025-11-29 11:53:32,012] multiqc                                            [DEBUG  ]  Summary of files that were skipped by the search: [skipped_module_specific_max_filesize: 240] // [skipped_no_match: 20]
[2025-11-29 11:53:32,515] multiqc.plots.bargraph                             [DEBUG  ]  Using matplotlib version 3.6.3
[2025-11-29 11:53:32,517] multiqc.plots.linegraph                            [DEBUG  ]  Using matplotlib version 3.6.3
[2025-11-29 11:53:32,518] multiqc                                            [DEBUG  ]  No samples found: custom_content
[2025-11-29 11:53:32,636] multiqc.modules.fastqc.fastqc                      [INFO   ]  Found 20 reports
[2025-11-29 11:53:32,699] multiqc.utils.software_versions                    [DEBUG  ]  Reading software versions from config.software_versions
[2025-11-29 11:53:32,719] multiqc                                            [DEBUG  ]  Compressing plot data
[2025-11-29 11:53:32,991] multiqc                                            [INFO   ]  Report      : multiqc_report/multiqc_report.html
[2025-11-29 11:53:32,992] multiqc                                            [INFO   ]  Data        : multiqc_report/multiqc_data
[2025-11-29 11:53:32,992] multiqc                                            [DEBUG  ]  Moving data file from '/tmp/tmp79iinabb/multiqc_data' to 'multiqc_report/multiqc_data'
[2025-11-29 11:53:32,995] multiqc                                            [DEBUG  ]  Full report path: /home/vaishnavi/fastq/multiqc_report/multiqc_report.html
[2025-11-29 11:53:33,077] multiqc                                            [ERROR  ]  Could not include file 'assets/js/packages/jszip.min.js': [Errno 2] No such file or directory: '/tmp/tmp79iinabb/assets/js/packages/jszip.min.js'
[2025-11-29 11:53:33,129] multiqc                                            [INFO   ]  MultiQC complete
